08:50:49.798 Running build in Washington, D.C., USA (East) – iad1
08:50:49.798 Build machine configuration: 2 cores, 8 GB
08:50:49.920 Cloning github.com/dorddis/Gymzy (Branch: master, Commit: 6b88b24)
08:50:49.921 Previous build caches not available.
08:50:50.418 Cloning completed: 498.000ms
08:50:50.856 Running "vercel build"
08:50:51.240 Vercel CLI 48.8.2
08:50:51.612 Running "install" command: `npm ci`...
08:50:56.866 npm warn deprecated rimraf@2.7.1: Rimraf versions prior to v4 are no longer supported
08:50:58.777 npm warn deprecated inflight@1.0.6: This module is not supported, and leaks memory. Do not use it. Check out lru-cache if you want a good and tested way to coalesce async requests by a key value, which is much more comprehensive and powerful.
08:50:59.070 npm warn deprecated google-p12-pem@4.0.1: Package is no longer maintained
08:51:00.881 npm warn deprecated @types/handlebars@4.1.0: This is a stub types definition. handlebars provides its own type definitions, so you do not need this installed.
08:51:03.385 npm warn deprecated three-mesh-bvh@0.7.8: Deprecated due to three.js version incompatibility. Please use v0.8.0, instead.
08:51:04.392 npm warn deprecated glob@7.2.3: Glob versions prior to v9 are no longer supported
08:51:04.522 npm warn deprecated glob@7.2.3: Glob versions prior to v9 are no longer supported
08:52:27.649 
08:52:27.650 added 1764 packages, and audited 1765 packages in 2m
08:52:27.650 
08:52:27.650 346 packages are looking for funding
08:52:27.650   run `npm fund` for details
08:52:27.717 
08:52:27.718 13 vulnerabilities (5 low, 3 moderate, 4 high, 1 critical)
08:52:27.718 
08:52:27.718 To address issues that do not require attention, run:
08:52:27.718   npm audit fix
08:52:27.719 
08:52:27.719 To address all issues (including breaking changes), run:
08:52:27.719   npm audit fix --force
08:52:27.719 
08:52:27.719 Run `npm audit` for details.
08:52:27.761 Detected Next.js version: 15.2.3
08:52:27.762 Running "npm run build"
08:52:27.865 
08:52:27.866 > nextn@0.1.0 build
08:52:27.866 > next build
08:52:27.866 
08:52:28.466    ▲ Next.js 15.2.3
08:52:28.467 
08:52:28.481    Creating an optimized production build ...
08:52:52.396 Failed to compile.
08:52:52.397 
08:52:52.397 ./src/app/chat/page.tsx
08:52:52.397 Module not found: Can't resolve '@/components/layout/back-button'
08:52:52.397 
08:52:52.397 https://nextjs.org/docs/messages/module-not-found
08:52:52.397 
08:52:52.398 ./src/app/chat/page.tsx
08:52:52.398 Module not found: Can't resolve '@/components/chat/chat-welcome-screen'
08:52:52.398 
08:52:52.398 https://nextjs.org/docs/messages/module-not-found
08:52:52.398 
08:52:52.398 ./src/app/notifications/page.tsx
08:52:52.398 Module not found: Can't resolve '@/components/layout/status-bar'
08:52:52.398 
08:52:52.398 https://nextjs.org/docs/messages/module-not-found
08:52:52.398 
08:52:52.399 ./src/app/onboarding/page.tsx
08:52:52.399 Module not found: Can't resolve '@/services/ai/ai-personality-service'
08:52:52.399 
08:52:52.399 https://nextjs.org/docs/messages/module-not-found
08:52:52.399 
08:52:52.399 ./src/app/recommendations/page.tsx
08:52:52.399 Module not found: Can't resolve '@/components/layout/status-bar'
08:52:52.399 
08:52:52.399 https://nextjs.org/docs/messages/module-not-found
08:52:52.400 
08:52:52.400 
08:52:52.400 > Build failed because of webpack errors
08:52:52.458 Error: Command "npm run build" exited with 1